<?xml version="1.0" encoding="UTF-8"?>
<!-- Generated by org.testng.reporters.JUnitReportReporter -->
<testsuite hostname="Murugan" name="com.auto.test.DemoAutoTest" tests="1" failures="0" timestamp="7 Apr 2019 05:49:58 GMT" time="22.500" errors="0">
  <testcase name="demoTest" time="22.500" classname="com.auto.test.DemoAutoTest"/>
</testsuite> <!-- com.auto.test.DemoAutoTest -->
